#-----------------------------------------------------------
# Vivado v2014.4 (64-bit)
# SW Build 1071353 on Tue Nov 18 18:24:04 MST 2014
# IP Build 1070531 on Tue Nov 18 01:10:18 MST 2014
# Start of session at: Sat Nov 28 10:36:48 2015
# Process ID: 11204
# Log file: C:/Users/jiangmoquan/Desktop/project_2/vivado.log
# Journal file: C:/Users/jiangmoquan/Desktop/project_2\vivado.jou
#-----------------------------------------------------------
start_gui
open_project C:/Users/jiangmoquan/Desktop/project_2/project_2.xpr
Scanning sources...
Finished scanning sources
INFO: [IP_Flow 19-234] Refreshing IP repositories
INFO: [IP_Flow 19-1704] No user IP repositories specified
INFO: [IP_Flow 19-2313] Loaded Vivado IP repository 'D:/vivado/Vivado/2014.4/data/ip'.
open_project: Time (s): cpu = 00:00:36 ; elapsed = 00:00:15 . Memory (MB): peak = 778.805 ; gain = 181.223
reset_run synth_1
reset_run impl_1
launch_runs impl_1
[Sat Nov 28 11:11:15 2015] Launched synth_1...
Run output will be captured here: C:/Users/jiangmoquan/Desktop/project_2/project_2.runs/synth_1/runme.log
[Sat Nov 28 11:11:15 2015] Launched impl_1...
Run output will be captured here: C:/Users/jiangmoquan/Desktop/project_2/project_2.runs/impl_1/runme.log
reset_run synth_1
exit
